This file contains any messages produced by compilers while
running configure, to aid debugging if configure makes a mistake.

It was created by westeros-soc configure version-1.0, which was
generated by GNU Autoconf 2.69.  Invocation command line was

  $ ./configure --target=arm-buildroot-linux-gnueabihf --host=arm-buildroot-linux-gnueabihf --build=x86_64-pc-linux-gnu --prefix=/usr --exec-prefix=/usr --sysconfdir=/etc --localstatedir=/var --program-prefix= --disable-gtk-doc --disable-gtk-doc-html --disable-doc --disable-docs --disable-documentation --with-xmlto=no --with-fop=no --disable-dependency-tracking --enable-ipv6 --disable-static --enable-shared --prefix=/usr/ --disable-silent-rules --disable-dependency-tracking CFLAGS=-D_LARGEFILE_SOURCE -D_LARGEFILE64_SOURCE -D_FILE_OFFSET_BITS=64  -O2  -DLINUX -DEGL_API_FB CXXFLAGS=-D_LARGEFILE_SOURCE -D_LARGEFILE64_SOURCE -D_FILE_OFFSET_BITS=64  -O2  -DLINUX -DEGL_API_FB

## --------- ##
## Platform. ##
## --------- ##

hostname = DAW
uname -m = x86_64
uname -r = 4.10.0-42-generic
uname -s = Linux
uname -v = #46~16.04.1-Ubuntu SMP Mon Dec 4 15:57:59 UTC 2017

/usr/bin/uname -p = unknown
/bin/uname -X     = unknown

/bin/arch              = unknown
/usr/bin/arch -k       = unknown
/usr/convex/getsysinfo = unknown
/usr/bin/hostinfo      = unknown
/bin/machine           = unknown
/usr/bin/oslevel       = unknown
/bin/universe          = unknown

PATH: /media/disk/projects/metrological/buildroot-synaptics/output/host/bin
PATH: /media/disk/projects/metrological/buildroot-synaptics/output/host/sbin
PATH: /media/disk/projects/metrological/buildroot-synaptics/output/host/usr/bin
PATH: /media/disk/projects/metrological/buildroot-synaptics/output/host/usr/sbin
PATH: /media/disk/projects/metrological/buildroot-synaptics/output/host/bin
PATH: /media/disk/projects/metrological/buildroot-synaptics/output/host/usr/bin
PATH: /media/disk/projects/metrological/buildroot-synaptics/output/host/usr/sbin
PATH: /home/rene/.cargo/bin
PATH: /home/rene/bin
PATH: /home/rene/.local/bin
PATH: /usr/local/sbin
PATH: /usr/local/bin
PATH: /usr/sbin
PATH: /usr/bin
PATH: /sbin
PATH: /bin
PATH: /usr/games
PATH: /usr/local/games
PATH: /snap/bin


## ----------- ##
## Core tests. ##
## ----------- ##

configure:2496: checking for a BSD-compatible install
configure:2564: result: /usr/bin/install -c
configure:2575: checking whether build environment is sane
configure:2630: result: yes
configure:2689: checking for arm-buildroot-linux-gnueabihf-strip
configure:2716: result: /media/disk/projects/metrological/buildroot-synaptics/output/host/usr/bin/arm-buildroot-linux-gnueabihf-strip
configure:2781: checking for a thread-safe mkdir -p
configure:2820: result: /bin/mkdir -p
configure:2827: checking for gawk
configure:2843: found /media/disk/projects/metrological/buildroot-synaptics/output/host/usr/bin/gawk
configure:2854: result: gawk
configure:2865: checking whether make sets $(MAKE)
configure:2887: result: yes
configure:2916: checking whether make supports nested variables
configure:2933: result: yes
configure:3088: checking build system type
configure:3102: result: x86_64-pc-linux-gnu
configure:3122: checking host system type
configure:3135: result: arm-buildroot-linux-gnueabihf
configure:3176: checking how to print strings
configure:3203: result: printf
configure:3236: checking for style of include used by make
configure:3264: result: GNU
configure:3295: checking for arm-buildroot-linux-gnueabihf-gcc
configure:3322: result: /media/disk/projects/metrological/buildroot-synaptics/output/host/usr/bin/arm-buildroot-linux-gnueabihf-gcc
configure:3591: checking for C compiler version
configure:3600: /media/disk/projects/metrological/buildroot-synaptics/output/host/usr/bin/arm-buildroot-linux-gnueabihf-gcc --version >&5
arm-buildroot-linux-gnueabihf-gcc.br_real (Buildroot 2017.05-git-13345-g9eccbb2) 5.4.0
Copyright (C) 2015 Free Software Foundation, Inc.
This is free software; see the source for copying conditions.  There is NO
warranty; not even for MERCHANTABILITY or FITNESS FOR A PARTICULAR PURPOSE.

configure:3611: $? = 0
configure:3600: /media/disk/projects/metrological/buildroot-synaptics/output/host/usr/bin/arm-buildroot-linux-gnueabihf-gcc -v >&5
Using built-in specs.
COLLECT_GCC=/media/disk/projects/metrological/buildroot-synaptics/output/host/usr/bin/arm-buildroot-linux-gnueabihf-gcc.br_real
COLLECT_LTO_WRAPPER=/media/disk/projects/metrological/buildroot-synaptics/output/host/usr/libexec/gcc/arm-buildroot-linux-gnueabihf/5.4.0/lto-wrapper
Target: arm-buildroot-linux-gnueabihf
Configured with: ./configure --prefix=/media/disk/projects/metrological/buildroot-synaptics/output/host/usr --sysconfdir=/media/disk/projects/metrological/buildroot-synaptics/output/host/etc --enable-static --target=arm-buildroot-linux-gnueabihf --with-sysroot=/media/disk/projects/metrological/buildroot-synaptics/output/host/usr/arm-buildroot-linux-gnueabihf/sysroot --disable-__cxa_atexit --with-gnu-ld --disable-libssp --disable-multilib --with-gmp=/media/disk/projects/metrological/buildroot-synaptics/output/host/usr --with-mpc=/media/disk/projects/metrological/buildroot-synaptics/output/host/usr --with-mpfr=/media/disk/projects/metrological/buildroot-synaptics/output/host/usr --with-pkgversion='Buildroot 2017.05-git-13345-g9eccbb2' --with-bugurl=http://bugs.buildroot.net/ --disable-libquadmath --enable-tls --disable-libmudflap --enable-threads --without-isl --without-cloog --disable-decimal-float --with-abi=aapcs-linux --with-cpu=cortex-a9 --with-fpu=neon --with-float=hard --with-mode=thumb --enable-languages=c,c++ --with-build-time-tools=/media/disk/projects/metrological/buildroot-synaptics/output/host/usr/arm-buildroot-linux-gnueabihf/bin --enable-shared --disable-libgomp
Thread model: posix
gcc version 5.4.0 (Buildroot 2017.05-git-13345-g9eccbb2) 
configure:3611: $? = 0
configure:3600: /media/disk/projects/metrological/buildroot-synaptics/output/host/usr/bin/arm-buildroot-linux-gnueabihf-gcc -V >&5
arm-buildroot-linux-gnueabihf-gcc.br_real: error: unrecognized command line option '-V'
arm-buildroot-linux-gnueabihf-gcc.br_real: fatal error: no input files
compilation terminated.
configure:3611: $? = 1
configure:3600: /media/disk/projects/metrological/buildroot-synaptics/output/host/usr/bin/arm-buildroot-linux-gnueabihf-gcc -qversion >&5
arm-buildroot-linux-gnueabihf-gcc.br_real: error: unrecognized command line option '-qversion'
arm-buildroot-linux-gnueabihf-gcc.br_real: fatal error: no input files
compilation terminated.
configure:3611: $? = 1
configure:3631: checking whether the C compiler works
configure:3653: /media/disk/projects/metrological/buildroot-synaptics/output/host/usr/bin/arm-buildroot-linux-gnueabihf-gcc -D_LARGEFILE_SOURCE -D_LARGEFILE64_SOURCE -D_FILE_OFFSET_BITS=64  -O2  -DLINUX -DEGL_API_FB -D_LARGEFILE_SOURCE -D_LARGEFILE64_SOURCE -D_FILE_OFFSET_BITS=64  conftest.c  >&5
configure:3657: $? = 0
configure:3705: result: yes
configure:3708: checking for C compiler default output file name
configure:3710: result: a.out
configure:3716: checking for suffix of executables
configure:3723: /media/disk/projects/metrological/buildroot-synaptics/output/host/usr/bin/arm-buildroot-linux-gnueabihf-gcc -o conftest -D_LARGEFILE_SOURCE -D_LARGEFILE64_SOURCE -D_FILE_OFFSET_BITS=64  -O2  -DLINUX -DEGL_API_FB -D_LARGEFILE_SOURCE -D_LARGEFILE64_SOURCE -D_FILE_OFFSET_BITS=64  conftest.c  >&5
configure:3727: $? = 0
configure:3749: result: 
configure:3771: checking whether we are cross compiling
configure:3809: result: yes
configure:3814: checking for suffix of object files
configure:3836: /media/disk/projects/metrological/buildroot-synaptics/output/host/usr/bin/arm-buildroot-linux-gnueabihf-gcc -c -D_LARGEFILE_SOURCE -D_LARGEFILE64_SOURCE -D_FILE_OFFSET_BITS=64  -O2  -DLINUX -DEGL_API_FB -D_LARGEFILE_SOURCE -D_LARGEFILE64_SOURCE -D_FILE_OFFSET_BITS=64 conftest.c >&5
configure:3840: $? = 0
configure:3861: result: o
configure:3865: checking whether we are using the GNU C compiler
configure:3884: /media/disk/projects/metrological/buildroot-synaptics/output/host/usr/bin/arm-buildroot-linux-gnueabihf-gcc -c -D_LARGEFILE_SOURCE -D_LARGEFILE64_SOURCE -D_FILE_OFFSET_BITS=64  -O2  -DLINUX -DEGL_API_FB -D_LARGEFILE_SOURCE -D_LARGEFILE64_SOURCE -D_FILE_OFFSET_BITS=64 conftest.c >&5
configure:3884: $? = 0
configure:3893: result: yes
configure:3902: checking whether /media/disk/projects/metrological/buildroot-synaptics/output/host/usr/bin/arm-buildroot-linux-gnueabihf-gcc accepts -g
configure:3922: /media/disk/projects/metrological/buildroot-synaptics/output/host/usr/bin/arm-buildroot-linux-gnueabihf-gcc -c -g -D_LARGEFILE_SOURCE -D_LARGEFILE64_SOURCE -D_FILE_OFFSET_BITS=64 conftest.c >&5
configure:3922: $? = 0
configure:3963: result: yes
configure:3980: checking for /media/disk/projects/metrological/buildroot-synaptics/output/host/usr/bin/arm-buildroot-linux-gnueabihf-gcc option to accept ISO C89
configure:4043: /media/disk/projects/metrological/buildroot-synaptics/output/host/usr/bin/arm-buildroot-linux-gnueabihf-gcc  -c -D_LARGEFILE_SOURCE -D_LARGEFILE64_SOURCE -D_FILE_OFFSET_BITS=64  -O2  -DLINUX -DEGL_API_FB -D_LARGEFILE_SOURCE -D_LARGEFILE64_SOURCE -D_FILE_OFFSET_BITS=64 conftest.c >&5
configure:4043: $? = 0
configure:4056: result: none needed
configure:4081: checking whether /media/disk/projects/metrological/buildroot-synaptics/output/host/usr/bin/arm-buildroot-linux-gnueabihf-gcc understands -c and -o together
configure:4103: /media/disk/projects/metrological/buildroot-synaptics/output/host/usr/bin/arm-buildroot-linux-gnueabihf-gcc -c conftest.c -o conftest2.o
configure:4106: $? = 0
configure:4103: /media/disk/projects/metrological/buildroot-synaptics/output/host/usr/bin/arm-buildroot-linux-gnueabihf-gcc -c conftest.c -o conftest2.o
configure:4106: $? = 0
configure:4118: result: yes
configure:4137: checking dependency style of /media/disk/projects/metrological/buildroot-synaptics/output/host/usr/bin/arm-buildroot-linux-gnueabihf-gcc
configure:4248: result: none
configure:4263: checking for a sed that does not truncate output
configure:4327: result: /bin/sed
configure:4345: checking for grep that handles long lines and -e
configure:4403: result: /bin/grep
configure:4408: checking for egrep
configure:4470: result: /bin/grep -E
configure:4475: checking for fgrep
configure:4537: result: /bin/grep -F
configure:4572: checking for ld used by /media/disk/projects/metrological/buildroot-synaptics/output/host/usr/bin/arm-buildroot-linux-gnueabihf-gcc
configure:4639: result: /media/disk/projects/metrological/buildroot-synaptics/output/host/usr/bin/arm-buildroot-linux-gnueabihf-ld
configure:4646: checking if the linker (/media/disk/projects/metrological/buildroot-synaptics/output/host/usr/bin/arm-buildroot-linux-gnueabihf-ld) is GNU ld
configure:4661: result: yes
configure:4673: checking for BSD- or MS-compatible name lister (nm)
configure:4727: result: /media/disk/projects/metrological/buildroot-synaptics/output/host/usr/bin/arm-buildroot-linux-gnueabihf-nm
configure:4857: checking the name lister (/media/disk/projects/metrological/buildroot-synaptics/output/host/usr/bin/arm-buildroot-linux-gnueabihf-nm) interface
configure:4864: /media/disk/projects/metrological/buildroot-synaptics/output/host/usr/bin/arm-buildroot-linux-gnueabihf-gcc -c -D_LARGEFILE_SOURCE -D_LARGEFILE64_SOURCE -D_FILE_OFFSET_BITS=64  -O2  -DLINUX -DEGL_API_FB -D_LARGEFILE_SOURCE -D_LARGEFILE64_SOURCE -D_FILE_OFFSET_BITS=64 conftest.c >&5
configure:4867: /media/disk/projects/metrological/buildroot-synaptics/output/host/usr/bin/arm-buildroot-linux-gnueabihf-nm "conftest.o"
configure:4870: output
00000000 B some_variable
configure:4877: result: BSD nm
configure:4880: checking whether ln -s works
configure:4884: result: yes
configure:4892: checking the maximum length of command line arguments
configure:5023: result: 1572864
configure:5071: checking how to convert x86_64-pc-linux-gnu file names to arm-buildroot-linux-gnueabihf format
configure:5111: result: func_convert_file_noop
configure:5118: checking how to convert x86_64-pc-linux-gnu file names to toolchain format
configure:5138: result: func_convert_file_noop
configure:5145: checking for /media/disk/projects/metrological/buildroot-synaptics/output/host/usr/bin/arm-buildroot-linux-gnueabihf-ld option to reload object files
configure:5152: result: -r
configure:5186: checking for arm-buildroot-linux-gnueabihf-objdump
configure:5213: result: /media/disk/projects/metrological/buildroot-synaptics/output/host/usr/bin/arm-buildroot-linux-gnueabihf-objdump
configure:5285: checking how to recognize dependent libraries
configure:5485: result: pass_all
configure:5530: checking for arm-buildroot-linux-gnueabihf-dlltool
configure:5560: result: no
configure:5570: checking for dlltool
configure:5600: result: no
configure:5630: checking how to associate runtime and link libraries
configure:5657: result: printf %s\n
configure:5674: checking for arm-buildroot-linux-gnueabihf-ar
configure:5701: result: /media/disk/projects/metrological/buildroot-synaptics/output/host/usr/bin/arm-buildroot-linux-gnueabihf-ar
configure:5782: checking for archiver @FILE support
configure:5799: /media/disk/projects/metrological/buildroot-synaptics/output/host/usr/bin/arm-buildroot-linux-gnueabihf-gcc -c -D_LARGEFILE_SOURCE -D_LARGEFILE64_SOURCE -D_FILE_OFFSET_BITS=64  -O2  -DLINUX -DEGL_API_FB -D_LARGEFILE_SOURCE -D_LARGEFILE64_SOURCE -D_FILE_OFFSET_BITS=64 conftest.c >&5
configure:5799: $? = 0
configure:5802: /media/disk/projects/metrological/buildroot-synaptics/output/host/usr/bin/arm-buildroot-linux-gnueabihf-ar cru libconftest.a @conftest.lst >&5
configure:5805: $? = 0
configure:5810: /media/disk/projects/metrological/buildroot-synaptics/output/host/usr/bin/arm-buildroot-linux-gnueabihf-ar cru libconftest.a @conftest.lst >&5
/media/disk/projects/metrological/buildroot-synaptics/output/host/usr/bin/arm-buildroot-linux-gnueabihf-ar: conftest.o: No such file or directory
configure:5813: $? = 1
configure:5825: result: @
configure:5843: checking for arm-buildroot-linux-gnueabihf-strip
configure:5870: result: /media/disk/projects/metrological/buildroot-synaptics/output/host/usr/bin/arm-buildroot-linux-gnueabihf-strip
configure:5942: checking for arm-buildroot-linux-gnueabihf-ranlib
configure:5969: result: /media/disk/projects/metrological/buildroot-synaptics/output/host/usr/bin/arm-buildroot-linux-gnueabihf-ranlib
configure:6111: checking command to parse /media/disk/projects/metrological/buildroot-synaptics/output/host/usr/bin/arm-buildroot-linux-gnueabihf-nm output from /media/disk/projects/metrological/buildroot-synaptics/output/host/usr/bin/arm-buildroot-linux-gnueabihf-gcc object
configure:6264: /media/disk/projects/metrological/buildroot-synaptics/output/host/usr/bin/arm-buildroot-linux-gnueabihf-gcc -c -D_LARGEFILE_SOURCE -D_LARGEFILE64_SOURCE -D_FILE_OFFSET_BITS=64  -O2  -DLINUX -DEGL_API_FB -D_LARGEFILE_SOURCE -D_LARGEFILE64_SOURCE -D_FILE_OFFSET_BITS=64 conftest.c >&5
configure:6267: $? = 0
configure:6271: /media/disk/projects/metrological/buildroot-synaptics/output/host/usr/bin/arm-buildroot-linux-gnueabihf-nm conftest.o \| sed -n -e 's/^.*[ ]\([ABCDGIRSTW][ABCDGIRSTW]*\)[ ][ ]*\([_A-Za-z][_A-Za-z0-9]*\)$/\1 \2 \2/p' | sed '/ __gnu_lto/d' \> conftest.nm
configure:6274: $? = 0
configure:6340: /media/disk/projects/metrological/buildroot-synaptics/output/host/usr/bin/arm-buildroot-linux-gnueabihf-gcc -o conftest -D_LARGEFILE_SOURCE -D_LARGEFILE64_SOURCE -D_FILE_OFFSET_BITS=64  -O2  -DLINUX -DEGL_API_FB -D_LARGEFILE_SOURCE -D_LARGEFILE64_SOURCE -D_FILE_OFFSET_BITS=64  conftest.c conftstm.o >&5
configure:6343: $? = 0
configure:6381: result: ok
configure:6428: checking for sysroot
configure:6458: result: no
configure:6465: checking for a working dd
configure:6503: result: /bin/dd
configure:6507: checking how to truncate binary pipes
configure:6522: result: /bin/dd bs=4096 count=1
configure:6811: checking for arm-buildroot-linux-gnueabihf-mt
configure:6841: result: no
configure:6851: checking for mt
configure:6867: found /bin/mt
configure:6878: result: mt
configure:6890: WARNING: using cross tools not prefixed with host triplet
configure:6901: checking if mt is a manifest tool
configure:6907: mt '-?'
configure:6915: result: no
configure:7592: checking how to run the C preprocessor
configure:7662: result: /media/disk/projects/metrological/buildroot-synaptics/output/host/usr/bin/arm-buildroot-linux-gnueabihf-cpp
configure:7682: /media/disk/projects/metrological/buildroot-synaptics/output/host/usr/bin/arm-buildroot-linux-gnueabihf-cpp -D_LARGEFILE_SOURCE -D_LARGEFILE64_SOURCE -D_FILE_OFFSET_BITS=64 conftest.c
configure:7682: $? = 0
configure:7696: /media/disk/projects/metrological/buildroot-synaptics/output/host/usr/bin/arm-buildroot-linux-gnueabihf-cpp -D_LARGEFILE_SOURCE -D_LARGEFILE64_SOURCE -D_FILE_OFFSET_BITS=64 conftest.c
conftest.c:11:28: fatal error: ac_nonexistent.h: No such file or directory
compilation terminated.
configure:7696: $? = 1
configure: failed program was:
| /* confdefs.h */
| #define PACKAGE_NAME "westeros-soc"
| #define PACKAGE_TARNAME "westeros-soc"
| #define PACKAGE_VERSION "version-1.0"
| #define PACKAGE_STRING "westeros-soc version-1.0"
| #define PACKAGE_BUGREPORT "pavan_nandyala2@cable.comcast.com"
| #define PACKAGE_URL ""
| #define PACKAGE "westeros-soc"
| #define VERSION "version-1.0"
| /* end confdefs.h.  */
| #include <ac_nonexistent.h>
configure:7725: checking for ANSI C header files
configure:7745: /media/disk/projects/metrological/buildroot-synaptics/output/host/usr/bin/arm-buildroot-linux-gnueabihf-gcc -c -D_LARGEFILE_SOURCE -D_LARGEFILE64_SOURCE -D_FILE_OFFSET_BITS=64  -O2  -DLINUX -DEGL_API_FB -D_LARGEFILE_SOURCE -D_LARGEFILE64_SOURCE -D_FILE_OFFSET_BITS=64 conftest.c >&5
configure:7745: $? = 0
configure:7829: result: yes
configure:7842: checking for sys/types.h
configure:7842: /media/disk/projects/metrological/buildroot-synaptics/output/host/usr/bin/arm-buildroot-linux-gnueabihf-gcc -c -D_LARGEFILE_SOURCE -D_LARGEFILE64_SOURCE -D_FILE_OFFSET_BITS=64  -O2  -DLINUX -DEGL_API_FB -D_LARGEFILE_SOURCE -D_LARGEFILE64_SOURCE -D_FILE_OFFSET_BITS=64 conftest.c >&5
configure:7842: $? = 0
configure:7842: result: yes
configure:7842: checking for sys/stat.h
configure:7842: /media/disk/projects/metrological/buildroot-synaptics/output/host/usr/bin/arm-buildroot-linux-gnueabihf-gcc -c -D_LARGEFILE_SOURCE -D_LARGEFILE64_SOURCE -D_FILE_OFFSET_BITS=64  -O2  -DLINUX -DEGL_API_FB -D_LARGEFILE_SOURCE -D_LARGEFILE64_SOURCE -D_FILE_OFFSET_BITS=64 conftest.c >&5
configure:7842: $? = 0
configure:7842: result: yes
configure:7842: checking for stdlib.h
configure:7842: /media/disk/projects/metrological/buildroot-synaptics/output/host/usr/bin/arm-buildroot-linux-gnueabihf-gcc -c -D_LARGEFILE_SOURCE -D_LARGEFILE64_SOURCE -D_FILE_OFFSET_BITS=64  -O2  -DLINUX -DEGL_API_FB -D_LARGEFILE_SOURCE -D_LARGEFILE64_SOURCE -D_FILE_OFFSET_BITS=64 conftest.c >&5
configure:7842: $? = 0
configure:7842: result: yes
configure:7842: checking for string.h
configure:7842: /media/disk/projects/metrological/buildroot-synaptics/output/host/usr/bin/arm-buildroot-linux-gnueabihf-gcc -c -D_LARGEFILE_SOURCE -D_LARGEFILE64_SOURCE -D_FILE_OFFSET_BITS=64  -O2  -DLINUX -DEGL_API_FB -D_LARGEFILE_SOURCE -D_LARGEFILE64_SOURCE -D_FILE_OFFSET_BITS=64 conftest.c >&5
configure:7842: $? = 0
configure:7842: result: yes
configure:7842: checking for memory.h
configure:7842: /media/disk/projects/metrological/buildroot-synaptics/output/host/usr/bin/arm-buildroot-linux-gnueabihf-gcc -c -D_LARGEFILE_SOURCE -D_LARGEFILE64_SOURCE -D_FILE_OFFSET_BITS=64  -O2  -DLINUX -DEGL_API_FB -D_LARGEFILE_SOURCE -D_LARGEFILE64_SOURCE -D_FILE_OFFSET_BITS=64 conftest.c >&5
configure:7842: $? = 0
configure:7842: result: yes
configure:7842: checking for strings.h
configure:7842: /media/disk/projects/metrological/buildroot-synaptics/output/host/usr/bin/arm-buildroot-linux-gnueabihf-gcc -c -D_LARGEFILE_SOURCE -D_LARGEFILE64_SOURCE -D_FILE_OFFSET_BITS=64  -O2  -DLINUX -DEGL_API_FB -D_LARGEFILE_SOURCE -D_LARGEFILE64_SOURCE -D_FILE_OFFSET_BITS=64 conftest.c >&5
configure:7842: $? = 0
configure:7842: result: yes
configure:7842: checking for inttypes.h
configure:7842: /media/disk/projects/metrological/buildroot-synaptics/output/host/usr/bin/arm-buildroot-linux-gnueabihf-gcc -c -D_LARGEFILE_SOURCE -D_LARGEFILE64_SOURCE -D_FILE_OFFSET_BITS=64  -O2  -DLINUX -DEGL_API_FB -D_LARGEFILE_SOURCE -D_LARGEFILE64_SOURCE -D_FILE_OFFSET_BITS=64 conftest.c >&5
configure:7842: $? = 0
configure:7842: result: yes
configure:7842: checking for stdint.h
configure:7842: /media/disk/projects/metrological/buildroot-synaptics/output/host/usr/bin/arm-buildroot-linux-gnueabihf-gcc -c -D_LARGEFILE_SOURCE -D_LARGEFILE64_SOURCE -D_FILE_OFFSET_BITS=64  -O2  -DLINUX -DEGL_API_FB -D_LARGEFILE_SOURCE -D_LARGEFILE64_SOURCE -D_FILE_OFFSET_BITS=64 conftest.c >&5
configure:7842: $? = 0
configure:7842: result: yes
configure:7842: checking for unistd.h
configure:7842: /media/disk/projects/metrological/buildroot-synaptics/output/host/usr/bin/arm-buildroot-linux-gnueabihf-gcc -c -D_LARGEFILE_SOURCE -D_LARGEFILE64_SOURCE -D_FILE_OFFSET_BITS=64  -O2  -DLINUX -DEGL_API_FB -D_LARGEFILE_SOURCE -D_LARGEFILE64_SOURCE -D_FILE_OFFSET_BITS=64 conftest.c >&5
configure:7842: $? = 0
configure:7842: result: yes
configure:7856: checking for dlfcn.h
configure:7856: /media/disk/projects/metrological/buildroot-synaptics/output/host/usr/bin/arm-buildroot-linux-gnueabihf-gcc -c -D_LARGEFILE_SOURCE -D_LARGEFILE64_SOURCE -D_FILE_OFFSET_BITS=64  -O2  -DLINUX -DEGL_API_FB -D_LARGEFILE_SOURCE -D_LARGEFILE64_SOURCE -D_FILE_OFFSET_BITS=64 conftest.c >&5
configure:7856: $? = 0
configure:7856: result: yes
configure:8112: checking for objdir
configure:8127: result: .libs
configure:8387: checking if /media/disk/projects/metrological/buildroot-synaptics/output/host/usr/bin/arm-buildroot-linux-gnueabihf-gcc supports -fno-rtti -fno-exceptions
configure:8405: /media/disk/projects/metrological/buildroot-synaptics/output/host/usr/bin/arm-buildroot-linux-gnueabihf-gcc -c -D_LARGEFILE_SOURCE -D_LARGEFILE64_SOURCE -D_FILE_OFFSET_BITS=64  -O2  -DLINUX -DEGL_API_FB -D_LARGEFILE_SOURCE -D_LARGEFILE64_SOURCE -D_FILE_OFFSET_BITS=64 -fno-rtti -fno-exceptions conftest.c >&5
cc1: warning: command line option '-fno-rtti' is valid for C++/ObjC++ but not for C
configure:8409: $? = 0
configure:8422: result: no
configure:8780: checking for /media/disk/projects/metrological/buildroot-synaptics/output/host/usr/bin/arm-buildroot-linux-gnueabihf-gcc option to produce PIC
configure:8787: result: -fPIC -DPIC
configure:8795: checking if /media/disk/projects/metrological/buildroot-synaptics/output/host/usr/bin/arm-buildroot-linux-gnueabihf-gcc PIC flag -fPIC -DPIC works
configure:8813: /media/disk/projects/metrological/buildroot-synaptics/output/host/usr/bin/arm-buildroot-linux-gnueabihf-gcc -c -D_LARGEFILE_SOURCE -D_LARGEFILE64_SOURCE -D_FILE_OFFSET_BITS=64  -O2  -DLINUX -DEGL_API_FB -D_LARGEFILE_SOURCE -D_LARGEFILE64_SOURCE -D_FILE_OFFSET_BITS=64 -fPIC -DPIC -DPIC conftest.c >&5
configure:8817: $? = 0
configure:8830: result: yes
configure:8859: checking if /media/disk/projects/metrological/buildroot-synaptics/output/host/usr/bin/arm-buildroot-linux-gnueabihf-gcc static flag -static works
configure:8887: result: yes
configure:8902: checking if /media/disk/projects/metrological/buildroot-synaptics/output/host/usr/bin/arm-buildroot-linux-gnueabihf-gcc supports -c -o file.o
configure:8923: /media/disk/projects/metrological/buildroot-synaptics/output/host/usr/bin/arm-buildroot-linux-gnueabihf-gcc -c -D_LARGEFILE_SOURCE -D_LARGEFILE64_SOURCE -D_FILE_OFFSET_BITS=64  -O2  -DLINUX -DEGL_API_FB -D_LARGEFILE_SOURCE -D_LARGEFILE64_SOURCE -D_FILE_OFFSET_BITS=64 -o out/conftest2.o conftest.c >&5
configure:8927: $? = 0
configure:8949: result: yes
configure:8957: checking if /media/disk/projects/metrological/buildroot-synaptics/output/host/usr/bin/arm-buildroot-linux-gnueabihf-gcc supports -c -o file.o
configure:9004: result: yes
configure:9037: checking whether the /media/disk/projects/metrological/buildroot-synaptics/output/host/usr/bin/arm-buildroot-linux-gnueabihf-gcc linker (/media/disk/projects/metrological/buildroot-synaptics/output/host/usr/bin/arm-buildroot-linux-gnueabihf-ld) supports shared libraries
configure:10296: result: yes
configure:10333: checking whether -lc should be explicitly linked in
configure:10341: /media/disk/projects/metrological/buildroot-synaptics/output/host/usr/bin/arm-buildroot-linux-gnueabihf-gcc -c -D_LARGEFILE_SOURCE -D_LARGEFILE64_SOURCE -D_FILE_OFFSET_BITS=64  -O2  -DLINUX -DEGL_API_FB -D_LARGEFILE_SOURCE -D_LARGEFILE64_SOURCE -D_FILE_OFFSET_BITS=64 conftest.c >&5
configure:10344: $? = 0
configure:10359: /media/disk/projects/metrological/buildroot-synaptics/output/host/usr/bin/arm-buildroot-linux-gnueabihf-gcc -shared  -fPIC -DPIC conftest.o  -v -Wl,-soname -Wl,conftest -o conftest 2\>\&1 \| /bin/grep  -lc  \>/dev/null 2\>\&1
configure:10362: $? = 0
configure:10376: result: no
configure:10536: checking dynamic linker characteristics
configure:11117: /media/disk/projects/metrological/buildroot-synaptics/output/host/usr/bin/arm-buildroot-linux-gnueabihf-gcc -o conftest -D_LARGEFILE_SOURCE -D_LARGEFILE64_SOURCE -D_FILE_OFFSET_BITS=64  -O2  -DLINUX -DEGL_API_FB -D_LARGEFILE_SOURCE -D_LARGEFILE64_SOURCE -D_FILE_OFFSET_BITS=64  -Wl,-rpath -Wl,/foo conftest.c  >&5
configure:11117: $? = 0
configure:11354: result: GNU/Linux ld.so
configure:11476: checking how to hardcode library paths into programs
configure:11501: result: immediate
configure:12049: checking whether stripping libraries is possible
configure:12054: result: yes
configure:12089: checking if libtool supports shared libraries
configure:12091: result: yes
configure:12094: checking whether to build shared libraries
configure:12119: result: yes
configure:12122: checking whether to build static libraries
configure:12126: result: no
configure:12173: checking for arm-buildroot-linux-gnueabihf-gcc
configure:12200: result: /media/disk/projects/metrological/buildroot-synaptics/output/host/usr/bin/arm-buildroot-linux-gnueabihf-gcc
configure:12469: checking for C compiler version
configure:12478: /media/disk/projects/metrological/buildroot-synaptics/output/host/usr/bin/arm-buildroot-linux-gnueabihf-gcc --version >&5
arm-buildroot-linux-gnueabihf-gcc.br_real (Buildroot 2017.05-git-13345-g9eccbb2) 5.4.0
Copyright (C) 2015 Free Software Foundation, Inc.
This is free software; see the source for copying conditions.  There is NO
warranty; not even for MERCHANTABILITY or FITNESS FOR A PARTICULAR PURPOSE.

configure:12489: $? = 0
configure:12478: /media/disk/projects/metrological/buildroot-synaptics/output/host/usr/bin/arm-buildroot-linux-gnueabihf-gcc -v >&5
Using built-in specs.
COLLECT_GCC=/media/disk/projects/metrological/buildroot-synaptics/output/host/usr/bin/arm-buildroot-linux-gnueabihf-gcc.br_real
COLLECT_LTO_WRAPPER=/media/disk/projects/metrological/buildroot-synaptics/output/host/usr/libexec/gcc/arm-buildroot-linux-gnueabihf/5.4.0/lto-wrapper
Target: arm-buildroot-linux-gnueabihf
Configured with: ./configure --prefix=/media/disk/projects/metrological/buildroot-synaptics/output/host/usr --sysconfdir=/media/disk/projects/metrological/buildroot-synaptics/output/host/etc --enable-static --target=arm-buildroot-linux-gnueabihf --with-sysroot=/media/disk/projects/metrological/buildroot-synaptics/output/host/usr/arm-buildroot-linux-gnueabihf/sysroot --disable-__cxa_atexit --with-gnu-ld --disable-libssp --disable-multilib --with-gmp=/media/disk/projects/metrological/buildroot-synaptics/output/host/usr --with-mpc=/media/disk/projects/metrological/buildroot-synaptics/output/host/usr --with-mpfr=/media/disk/projects/metrological/buildroot-synaptics/output/host/usr --with-pkgversion='Buildroot 2017.05-git-13345-g9eccbb2' --with-bugurl=http://bugs.buildroot.net/ --disable-libquadmath --enable-tls --disable-libmudflap --enable-threads --without-isl --without-cloog --disable-decimal-float --with-abi=aapcs-linux --with-cpu=cortex-a9 --with-fpu=neon --with-float=hard --with-mode=thumb --enable-languages=c,c++ --with-build-time-tools=/media/disk/projects/metrological/buildroot-synaptics/output/host/usr/arm-buildroot-linux-gnueabihf/bin --enable-shared --disable-libgomp
Thread model: posix
gcc version 5.4.0 (Buildroot 2017.05-git-13345-g9eccbb2) 
configure:12489: $? = 0
configure:12478: /media/disk/projects/metrological/buildroot-synaptics/output/host/usr/bin/arm-buildroot-linux-gnueabihf-gcc -V >&5
arm-buildroot-linux-gnueabihf-gcc.br_real: error: unrecognized command line option '-V'
arm-buildroot-linux-gnueabihf-gcc.br_real: fatal error: no input files
compilation terminated.
configure:12489: $? = 1
configure:12478: /media/disk/projects/metrological/buildroot-synaptics/output/host/usr/bin/arm-buildroot-linux-gnueabihf-gcc -qversion >&5
arm-buildroot-linux-gnueabihf-gcc.br_real: error: unrecognized command line option '-qversion'
arm-buildroot-linux-gnueabihf-gcc.br_real: fatal error: no input files
compilation terminated.
configure:12489: $? = 1
configure:12493: checking whether we are using the GNU C compiler
configure:12521: result: yes
configure:12530: checking whether /media/disk/projects/metrological/buildroot-synaptics/output/host/usr/bin/arm-buildroot-linux-gnueabihf-gcc accepts -g
configure:12591: result: yes
configure:12608: checking for /media/disk/projects/metrological/buildroot-synaptics/output/host/usr/bin/arm-buildroot-linux-gnueabihf-gcc option to accept ISO C89
configure:12684: result: none needed
configure:12709: checking whether /media/disk/projects/metrological/buildroot-synaptics/output/host/usr/bin/arm-buildroot-linux-gnueabihf-gcc understands -c and -o together
configure:12746: result: yes
configure:12765: checking dependency style of /media/disk/projects/metrological/buildroot-synaptics/output/host/usr/bin/arm-buildroot-linux-gnueabihf-gcc
configure:12876: result: none
configure:12892: checking whether make sets $(MAKE)
configure:12914: result: yes
configure:13035: checking for C++ compiler version
configure:13044: /media/disk/projects/metrological/buildroot-synaptics/output/host/usr/bin/arm-buildroot-linux-gnueabihf-g++ --version >&5
arm-buildroot-linux-gnueabihf-g++.br_real (Buildroot 2017.05-git-13345-g9eccbb2) 5.4.0
Copyright (C) 2015 Free Software Foundation, Inc.
This is free software; see the source for copying conditions.  There is NO
warranty; not even for MERCHANTABILITY or FITNESS FOR A PARTICULAR PURPOSE.

configure:13055: $? = 0
configure:13044: /media/disk/projects/metrological/buildroot-synaptics/output/host/usr/bin/arm-buildroot-linux-gnueabihf-g++ -v >&5
Using built-in specs.
COLLECT_GCC=/media/disk/projects/metrological/buildroot-synaptics/output/host/usr/bin/arm-buildroot-linux-gnueabihf-g++.br_real
COLLECT_LTO_WRAPPER=/media/disk/projects/metrological/buildroot-synaptics/output/host/usr/libexec/gcc/arm-buildroot-linux-gnueabihf/5.4.0/lto-wrapper
Target: arm-buildroot-linux-gnueabihf
Configured with: ./configure --prefix=/media/disk/projects/metrological/buildroot-synaptics/output/host/usr --sysconfdir=/media/disk/projects/metrological/buildroot-synaptics/output/host/etc --enable-static --target=arm-buildroot-linux-gnueabihf --with-sysroot=/media/disk/projects/metrological/buildroot-synaptics/output/host/usr/arm-buildroot-linux-gnueabihf/sysroot --disable-__cxa_atexit --with-gnu-ld --disable-libssp --disable-multilib --with-gmp=/media/disk/projects/metrological/buildroot-synaptics/output/host/usr --with-mpc=/media/disk/projects/metrological/buildroot-synaptics/output/host/usr --with-mpfr=/media/disk/projects/metrological/buildroot-synaptics/output/host/usr --with-pkgversion='Buildroot 2017.05-git-13345-g9eccbb2' --with-bugurl=http://bugs.buildroot.net/ --disable-libquadmath --enable-tls --disable-libmudflap --enable-threads --without-isl --without-cloog --disable-decimal-float --with-abi=aapcs-linux --with-cpu=cortex-a9 --with-fpu=neon --with-float=hard --with-mode=thumb --enable-languages=c,c++ --with-build-time-tools=/media/disk/projects/metrological/buildroot-synaptics/output/host/usr/arm-buildroot-linux-gnueabihf/bin --enable-shared --disable-libgomp
Thread model: posix
gcc version 5.4.0 (Buildroot 2017.05-git-13345-g9eccbb2) 
configure:13055: $? = 0
configure:13044: /media/disk/projects/metrological/buildroot-synaptics/output/host/usr/bin/arm-buildroot-linux-gnueabihf-g++ -V >&5
arm-buildroot-linux-gnueabihf-g++.br_real: error: unrecognized command line option '-V'
arm-buildroot-linux-gnueabihf-g++.br_real: fatal error: no input files
compilation terminated.
configure:13055: $? = 1
configure:13044: /media/disk/projects/metrological/buildroot-synaptics/output/host/usr/bin/arm-buildroot-linux-gnueabihf-g++ -qversion >&5
arm-buildroot-linux-gnueabihf-g++.br_real: error: unrecognized command line option '-qversion'
arm-buildroot-linux-gnueabihf-g++.br_real: fatal error: no input files
compilation terminated.
configure:13055: $? = 1
configure:13059: checking whether we are using the GNU C++ compiler
configure:13078: /media/disk/projects/metrological/buildroot-synaptics/output/host/usr/bin/arm-buildroot-linux-gnueabihf-g++ -c -D_LARGEFILE_SOURCE -D_LARGEFILE64_SOURCE -D_FILE_OFFSET_BITS=64  -O2  -DLINUX -DEGL_API_FB -D_LARGEFILE_SOURCE -D_LARGEFILE64_SOURCE -D_FILE_OFFSET_BITS=64 conftest.cpp >&5
configure:13078: $? = 0
configure:13087: result: yes
configure:13096: checking whether /media/disk/projects/metrological/buildroot-synaptics/output/host/usr/bin/arm-buildroot-linux-gnueabihf-g++ accepts -g
configure:13116: /media/disk/projects/metrological/buildroot-synaptics/output/host/usr/bin/arm-buildroot-linux-gnueabihf-g++ -c -g -D_LARGEFILE_SOURCE -D_LARGEFILE64_SOURCE -D_FILE_OFFSET_BITS=64 conftest.cpp >&5
configure:13116: $? = 0
configure:13157: result: yes
configure:13182: checking dependency style of /media/disk/projects/metrological/buildroot-synaptics/output/host/usr/bin/arm-buildroot-linux-gnueabihf-g++
configure:13293: result: none
configure:13326: checking how to run the C++ preprocessor
configure:13353: /media/disk/projects/metrological/buildroot-synaptics/output/host/usr/bin/arm-buildroot-linux-gnueabihf-g++ -E -D_LARGEFILE_SOURCE -D_LARGEFILE64_SOURCE -D_FILE_OFFSET_BITS=64 conftest.cpp
configure:13353: $? = 0
configure:13367: /media/disk/projects/metrological/buildroot-synaptics/output/host/usr/bin/arm-buildroot-linux-gnueabihf-g++ -E -D_LARGEFILE_SOURCE -D_LARGEFILE64_SOURCE -D_FILE_OFFSET_BITS=64 conftest.cpp
conftest.cpp:23:28: fatal error: ac_nonexistent.h: No such file or directory
compilation terminated.
configure:13367: $? = 1
configure: failed program was:
| /* confdefs.h */
| #define PACKAGE_NAME "westeros-soc"
| #define PACKAGE_TARNAME "westeros-soc"
| #define PACKAGE_VERSION "version-1.0"
| #define PACKAGE_STRING "westeros-soc version-1.0"
| #define PACKAGE_BUGREPORT "pavan_nandyala2@cable.comcast.com"
| #define PACKAGE_URL ""
| #define PACKAGE "westeros-soc"
| #define VERSION "version-1.0"
| #define STDC_HEADERS 1
| #define HAVE_SYS_TYPES_H 1
| #define HAVE_SYS_STAT_H 1
| #define HAVE_STDLIB_H 1
| #define HAVE_STRING_H 1
| #define HAVE_MEMORY_H 1
| #define HAVE_STRINGS_H 1
| #define HAVE_INTTYPES_H 1
| #define HAVE_STDINT_H 1
| #define HAVE_UNISTD_H 1
| #define HAVE_DLFCN_H 1
| #define LT_OBJDIR ".libs/"
| /* end confdefs.h.  */
| #include <ac_nonexistent.h>
configure:13392: result: /media/disk/projects/metrological/buildroot-synaptics/output/host/usr/bin/arm-buildroot-linux-gnueabihf-g++ -E
configure:13412: /media/disk/projects/metrological/buildroot-synaptics/output/host/usr/bin/arm-buildroot-linux-gnueabihf-g++ -E -D_LARGEFILE_SOURCE -D_LARGEFILE64_SOURCE -D_FILE_OFFSET_BITS=64 conftest.cpp
configure:13412: $? = 0
configure:13426: /media/disk/projects/metrological/buildroot-synaptics/output/host/usr/bin/arm-buildroot-linux-gnueabihf-g++ -E -D_LARGEFILE_SOURCE -D_LARGEFILE64_SOURCE -D_FILE_OFFSET_BITS=64 conftest.cpp
conftest.cpp:23:28: fatal error: ac_nonexistent.h: No such file or directory
compilation terminated.
configure:13426: $? = 1
configure: failed program was:
| /* confdefs.h */
| #define PACKAGE_NAME "westeros-soc"
| #define PACKAGE_TARNAME "westeros-soc"
| #define PACKAGE_VERSION "version-1.0"
| #define PACKAGE_STRING "westeros-soc version-1.0"
| #define PACKAGE_BUGREPORT "pavan_nandyala2@cable.comcast.com"
| #define PACKAGE_URL ""
| #define PACKAGE "westeros-soc"
| #define VERSION "version-1.0"
| #define STDC_HEADERS 1
| #define HAVE_SYS_TYPES_H 1
| #define HAVE_SYS_STAT_H 1
| #define HAVE_STDLIB_H 1
| #define HAVE_STRING_H 1
| #define HAVE_MEMORY_H 1
| #define HAVE_STRINGS_H 1
| #define HAVE_INTTYPES_H 1
| #define HAVE_STDINT_H 1
| #define HAVE_UNISTD_H 1
| #define HAVE_DLFCN_H 1
| #define LT_OBJDIR ".libs/"
| /* end confdefs.h.  */
| #include <ac_nonexistent.h>
configure:13588: checking for ld used by /media/disk/projects/metrological/buildroot-synaptics/output/host/usr/bin/arm-buildroot-linux-gnueabihf-g++
configure:13655: result: /media/disk/projects/metrological/buildroot-synaptics/output/host/usr/bin/arm-buildroot-linux-gnueabihf-ld
configure:13662: checking if the linker (/media/disk/projects/metrological/buildroot-synaptics/output/host/usr/bin/arm-buildroot-linux-gnueabihf-ld) is GNU ld
configure:13677: result: yes
configure:13732: checking whether the /media/disk/projects/metrological/buildroot-synaptics/output/host/usr/bin/arm-buildroot-linux-gnueabihf-g++ linker (/media/disk/projects/metrological/buildroot-synaptics/output/host/usr/bin/arm-buildroot-linux-gnueabihf-ld) supports shared libraries
configure:14805: result: yes
configure:14841: /media/disk/projects/metrological/buildroot-synaptics/output/host/usr/bin/arm-buildroot-linux-gnueabihf-g++ -c -D_LARGEFILE_SOURCE -D_LARGEFILE64_SOURCE -D_FILE_OFFSET_BITS=64  -O2  -DLINUX -DEGL_API_FB -D_LARGEFILE_SOURCE -D_LARGEFILE64_SOURCE -D_FILE_OFFSET_BITS=64 conftest.cpp >&5
configure:14844: $? = 0
configure:15325: checking for /media/disk/projects/metrological/buildroot-synaptics/output/host/usr/bin/arm-buildroot-linux-gnueabihf-g++ option to produce PIC
configure:15332: result: -fPIC -DPIC
configure:15340: checking if /media/disk/projects/metrological/buildroot-synaptics/output/host/usr/bin/arm-buildroot-linux-gnueabihf-g++ PIC flag -fPIC -DPIC works
configure:15358: /media/disk/projects/metrological/buildroot-synaptics/output/host/usr/bin/arm-buildroot-linux-gnueabihf-g++ -c -D_LARGEFILE_SOURCE -D_LARGEFILE64_SOURCE -D_FILE_OFFSET_BITS=64  -O2  -DLINUX -DEGL_API_FB -D_LARGEFILE_SOURCE -D_LARGEFILE64_SOURCE -D_FILE_OFFSET_BITS=64 -fPIC -DPIC -DPIC conftest.cpp >&5
configure:15362: $? = 0
configure:15375: result: yes
configure:15398: checking if /media/disk/projects/metrological/buildroot-synaptics/output/host/usr/bin/arm-buildroot-linux-gnueabihf-g++ static flag -static works
configure:15426: result: yes
configure:15438: checking if /media/disk/projects/metrological/buildroot-synaptics/output/host/usr/bin/arm-buildroot-linux-gnueabihf-g++ supports -c -o file.o
configure:15459: /media/disk/projects/metrological/buildroot-synaptics/output/host/usr/bin/arm-buildroot-linux-gnueabihf-g++ -c -D_LARGEFILE_SOURCE -D_LARGEFILE64_SOURCE -D_FILE_OFFSET_BITS=64  -O2  -DLINUX -DEGL_API_FB -D_LARGEFILE_SOURCE -D_LARGEFILE64_SOURCE -D_FILE_OFFSET_BITS=64 -o out/conftest2.o conftest.cpp >&5
configure:15463: $? = 0
configure:15485: result: yes
configure:15490: checking if /media/disk/projects/metrological/buildroot-synaptics/output/host/usr/bin/arm-buildroot-linux-gnueabihf-g++ supports -c -o file.o
configure:15537: result: yes
configure:15567: checking whether the /media/disk/projects/metrological/buildroot-synaptics/output/host/usr/bin/arm-buildroot-linux-gnueabihf-g++ linker (/media/disk/projects/metrological/buildroot-synaptics/output/host/usr/bin/arm-buildroot-linux-gnueabihf-ld) supports shared libraries
configure:15607: result: yes
configure:15748: checking dynamic linker characteristics
configure:16493: result: GNU/Linux ld.so
configure:16558: checking how to hardcode library paths into programs
configure:16583: result: immediate
configure:16628: checking for stdlib.h
configure:16628: result: yes
configure:16628: checking for string.h
configure:16628: result: yes
configure:16628: checking for unistd.h
configure:16628: result: yes
configure:16640: checking for size_t
configure:16640: /media/disk/projects/metrological/buildroot-synaptics/output/host/usr/bin/arm-buildroot-linux-gnueabihf-gcc -c -D_LARGEFILE_SOURCE -D_LARGEFILE64_SOURCE -D_FILE_OFFSET_BITS=64  -O2  -DLINUX -DEGL_API_FB -D_LARGEFILE_SOURCE -D_LARGEFILE64_SOURCE -D_FILE_OFFSET_BITS=64 conftest.c >&5
configure:16640: $? = 0
configure:16640: /media/disk/projects/metrological/buildroot-synaptics/output/host/usr/bin/arm-buildroot-linux-gnueabihf-gcc -c -D_LARGEFILE_SOURCE -D_LARGEFILE64_SOURCE -D_FILE_OFFSET_BITS=64  -O2  -DLINUX -DEGL_API_FB -D_LARGEFILE_SOURCE -D_LARGEFILE64_SOURCE -D_FILE_OFFSET_BITS=64 conftest.c >&5
conftest.c: In function 'main':
conftest.c:62:21: error: expected expression before ')' token
 if (sizeof ((size_t)))
                     ^
configure:16640: $? = 1
configure: failed program was:
| /* confdefs.h */
| #define PACKAGE_NAME "westeros-soc"
| #define PACKAGE_TARNAME "westeros-soc"
| #define PACKAGE_VERSION "version-1.0"
| #define PACKAGE_STRING "westeros-soc version-1.0"
| #define PACKAGE_BUGREPORT "pavan_nandyala2@cable.comcast.com"
| #define PACKAGE_URL ""
| #define PACKAGE "westeros-soc"
| #define VERSION "version-1.0"
| #define STDC_HEADERS 1
| #define HAVE_SYS_TYPES_H 1
| #define HAVE_SYS_STAT_H 1
| #define HAVE_STDLIB_H 1
| #define HAVE_STRING_H 1
| #define HAVE_MEMORY_H 1
| #define HAVE_STRINGS_H 1
| #define HAVE_INTTYPES_H 1
| #define HAVE_STDINT_H 1
| #define HAVE_UNISTD_H 1
| #define HAVE_DLFCN_H 1
| #define LT_OBJDIR ".libs/"
| #define HAVE_STDLIB_H 1
| #define HAVE_STRING_H 1
| #define HAVE_UNISTD_H 1
| /* end confdefs.h.  */
| #include <stdio.h>
| #ifdef HAVE_SYS_TYPES_H
| # include <sys/types.h>
| #endif
| #ifdef HAVE_SYS_STAT_H
| # include <sys/stat.h>
| #endif
| #ifdef STDC_HEADERS
| # include <stdlib.h>
| # include <stddef.h>
| #else
| # ifdef HAVE_STDLIB_H
| #  include <stdlib.h>
| # endif
| #endif
| #ifdef HAVE_STRING_H
| # if !defined STDC_HEADERS && defined HAVE_MEMORY_H
| #  include <memory.h>
| # endif
| # include <string.h>
| #endif
| #ifdef HAVE_STRINGS_H
| # include <strings.h>
| #endif
| #ifdef HAVE_INTTYPES_H
| # include <inttypes.h>
| #endif
| #ifdef HAVE_STDINT_H
| # include <stdint.h>
| #endif
| #ifdef HAVE_UNISTD_H
| # include <unistd.h>
| #endif
| int
| main ()
| {
| if (sizeof ((size_t)))
| 	    return 0;
|   ;
|   return 0;
| }
configure:16640: result: yes
configure:16651: checking for stdbool.h that conforms to C99
configure:16718: /media/disk/projects/metrological/buildroot-synaptics/output/host/usr/bin/arm-buildroot-linux-gnueabihf-gcc -c -D_LARGEFILE_SOURCE -D_LARGEFILE64_SOURCE -D_FILE_OFFSET_BITS=64  -O2  -DLINUX -DEGL_API_FB -D_LARGEFILE_SOURCE -D_LARGEFILE64_SOURCE -D_FILE_OFFSET_BITS=64 conftest.c >&5
configure:16718: $? = 0
configure:16725: result: yes
configure:16727: checking for _Bool
configure:16727: /media/disk/projects/metrological/buildroot-synaptics/output/host/usr/bin/arm-buildroot-linux-gnueabihf-gcc -c -D_LARGEFILE_SOURCE -D_LARGEFILE64_SOURCE -D_FILE_OFFSET_BITS=64  -O2  -DLINUX -DEGL_API_FB -D_LARGEFILE_SOURCE -D_LARGEFILE64_SOURCE -D_FILE_OFFSET_BITS=64 conftest.c >&5
configure:16727: $? = 0
configure:16727: /media/disk/projects/metrological/buildroot-synaptics/output/host/usr/bin/arm-buildroot-linux-gnueabihf-gcc -c -D_LARGEFILE_SOURCE -D_LARGEFILE64_SOURCE -D_FILE_OFFSET_BITS=64  -O2  -DLINUX -DEGL_API_FB -D_LARGEFILE_SOURCE -D_LARGEFILE64_SOURCE -D_FILE_OFFSET_BITS=64 conftest.c >&5
conftest.c: In function 'main':
conftest.c:62:20: error: expected expression before ')' token
 if (sizeof ((_Bool)))
                    ^
configure:16727: $? = 1
configure: failed program was:
| /* confdefs.h */
| #define PACKAGE_NAME "westeros-soc"
| #define PACKAGE_TARNAME "westeros-soc"
| #define PACKAGE_VERSION "version-1.0"
| #define PACKAGE_STRING "westeros-soc version-1.0"
| #define PACKAGE_BUGREPORT "pavan_nandyala2@cable.comcast.com"
| #define PACKAGE_URL ""
| #define PACKAGE "westeros-soc"
| #define VERSION "version-1.0"
| #define STDC_HEADERS 1
| #define HAVE_SYS_TYPES_H 1
| #define HAVE_SYS_STAT_H 1
| #define HAVE_STDLIB_H 1
| #define HAVE_STRING_H 1
| #define HAVE_MEMORY_H 1
| #define HAVE_STRINGS_H 1
| #define HAVE_INTTYPES_H 1
| #define HAVE_STDINT_H 1
| #define HAVE_UNISTD_H 1
| #define HAVE_DLFCN_H 1
| #define LT_OBJDIR ".libs/"
| #define HAVE_STDLIB_H 1
| #define HAVE_STRING_H 1
| #define HAVE_UNISTD_H 1
| /* end confdefs.h.  */
| #include <stdio.h>
| #ifdef HAVE_SYS_TYPES_H
| # include <sys/types.h>
| #endif
| #ifdef HAVE_SYS_STAT_H
| # include <sys/stat.h>
| #endif
| #ifdef STDC_HEADERS
| # include <stdlib.h>
| # include <stddef.h>
| #else
| # ifdef HAVE_STDLIB_H
| #  include <stdlib.h>
| # endif
| #endif
| #ifdef HAVE_STRING_H
| # if !defined STDC_HEADERS && defined HAVE_MEMORY_H
| #  include <memory.h>
| # endif
| # include <string.h>
| #endif
| #ifdef HAVE_STRINGS_H
| # include <strings.h>
| #endif
| #ifdef HAVE_INTTYPES_H
| # include <inttypes.h>
| #endif
| #ifdef HAVE_STDINT_H
| # include <stdint.h>
| #endif
| #ifdef HAVE_UNISTD_H
| # include <unistd.h>
| #endif
| int
| main ()
| {
| if (sizeof ((_Bool)))
| 	    return 0;
|   ;
|   return 0;
| }
configure:16727: result: yes
configure:16762: checking whether make supports nested variables
configure:16779: result: yes
configure:16900: checking pkg-config is at least version 0.9.0
configure:16903: result: yes
configure:16913: checking for GLIB
configure:16920: $PKG_CONFIG --exists --print-errors "glib-2.0 >= 2.22.5"
configure:16923: $? = 0
configure:16937: $PKG_CONFIG --exists --print-errors "glib-2.0 >= 2.22.5"
configure:16940: $? = 0
configure:16998: result: yes
configure:17004: checking for GTHREAD
configure:17011: $PKG_CONFIG --exists --print-errors "gthread-2.0 >= 2.38.2"
configure:17014: $? = 0
configure:17028: $PKG_CONFIG --exists --print-errors "gthread-2.0 >= 2.38.2"
configure:17031: $? = 0
configure:17089: result: yes
configure:17095: checking for WAYLAND_CLIENT
configure:17102: $PKG_CONFIG --exists --print-errors "wayland-client >= 1.6.0"
configure:17105: $? = 0
configure:17119: $PKG_CONFIG --exists --print-errors "wayland-client >= 1.6.0"
configure:17122: $? = 0
configure:17180: result: yes
configure:17186: checking for WAYLAND_SERVER
configure:17193: $PKG_CONFIG --exists --print-errors "wayland-server >= 1.6.0"
configure:17196: $? = 0
configure:17210: $PKG_CONFIG --exists --print-errors "wayland-server >= 1.6.0"
configure:17213: $? = 0
configure:17271: result: yes
configure:17393: checking that generated files are newer than configure
configure:17399: result: done
configure:17430: creating ./config.status

## ---------------------- ##
## Running config.status. ##
## ---------------------- ##

This file was extended by westeros-soc config.status version-1.0, which was
generated by GNU Autoconf 2.69.  Invocation command line was

  CONFIG_FILES    = 
  CONFIG_HEADERS  = 
  CONFIG_LINKS    = 
  CONFIG_COMMANDS = 
  $ ./config.status 

on DAW

config.status:1177: creating Makefile
config.status:1177: creating cfg/config.h
config.status:1406: executing depfiles commands
config.status:1406: executing libtool commands
configure:19834: WARNING: unrecognized options: --disable-gtk-doc, --disable-gtk-doc-html, --disable-doc, --disable-docs, --disable-documentation, --with-xmlto, --with-fop, --enable-ipv6

## ---------------- ##
## Cache variables. ##
## ---------------- ##

ac_cv_build=x86_64-pc-linux-gnu
ac_cv_c_bigendian=no
ac_cv_c_compiler_gnu=yes
ac_cv_cxx_compiler_gnu=yes
ac_cv_env_CCC_set=
ac_cv_env_CCC_value=
ac_cv_env_CC_set=set
ac_cv_env_CC_value=/media/disk/projects/metrological/buildroot-synaptics/output/host/usr/bin/arm-buildroot-linux-gnueabihf-gcc
ac_cv_env_CFLAGS_set=set
ac_cv_env_CFLAGS_value='-D_LARGEFILE_SOURCE -D_LARGEFILE64_SOURCE -D_FILE_OFFSET_BITS=64  -O2  -DLINUX -DEGL_API_FB'
ac_cv_env_CPPFLAGS_set=set
ac_cv_env_CPPFLAGS_value='-D_LARGEFILE_SOURCE -D_LARGEFILE64_SOURCE -D_FILE_OFFSET_BITS=64'
ac_cv_env_CPP_set=set
ac_cv_env_CPP_value=/media/disk/projects/metrological/buildroot-synaptics/output/host/usr/bin/arm-buildroot-linux-gnueabihf-cpp
ac_cv_env_CXXCPP_set=
ac_cv_env_CXXCPP_value=
ac_cv_env_CXXFLAGS_set=set
ac_cv_env_CXXFLAGS_value='-D_LARGEFILE_SOURCE -D_LARGEFILE64_SOURCE -D_FILE_OFFSET_BITS=64  -O2  -DLINUX -DEGL_API_FB'
ac_cv_env_CXX_set=set
ac_cv_env_CXX_value=/media/disk/projects/metrological/buildroot-synaptics/output/host/usr/bin/arm-buildroot-linux-gnueabihf-g++
ac_cv_env_GLIB_CFLAGS_set=
ac_cv_env_GLIB_CFLAGS_value=
ac_cv_env_GLIB_LIBS_set=
ac_cv_env_GLIB_LIBS_value=
ac_cv_env_GTHREAD_CFLAGS_set=
ac_cv_env_GTHREAD_CFLAGS_value=
ac_cv_env_GTHREAD_LIBS_set=
ac_cv_env_GTHREAD_LIBS_value=
ac_cv_env_LDFLAGS_set=set
ac_cv_env_LDFLAGS_value=
ac_cv_env_LIBS_set=
ac_cv_env_LIBS_value=
ac_cv_env_LT_SYS_LIBRARY_PATH_set=
ac_cv_env_LT_SYS_LIBRARY_PATH_value=
ac_cv_env_PKG_CONFIG_LIBDIR_set=
ac_cv_env_PKG_CONFIG_LIBDIR_value=
ac_cv_env_PKG_CONFIG_PATH_set=
ac_cv_env_PKG_CONFIG_PATH_value=
ac_cv_env_PKG_CONFIG_set=set
ac_cv_env_PKG_CONFIG_value=/media/disk/projects/metrological/buildroot-synaptics/output/host/usr/bin/pkg-config
ac_cv_env_WAYLAND_CLIENT_CFLAGS_set=
ac_cv_env_WAYLAND_CLIENT_CFLAGS_value=
ac_cv_env_WAYLAND_CLIENT_LIBS_set=
ac_cv_env_WAYLAND_CLIENT_LIBS_value=
ac_cv_env_WAYLAND_SERVER_CFLAGS_set=
ac_cv_env_WAYLAND_SERVER_CFLAGS_value=
ac_cv_env_WAYLAND_SERVER_LIBS_set=
ac_cv_env_WAYLAND_SERVER_LIBS_value=
ac_cv_env_build_alias_set=set
ac_cv_env_build_alias_value=x86_64-pc-linux-gnu
ac_cv_env_host_alias_set=set
ac_cv_env_host_alias_value=arm-buildroot-linux-gnueabihf
ac_cv_env_target_alias_set=set
ac_cv_env_target_alias_value=arm-buildroot-linux-gnueabihf
ac_cv_func_calloc_0_nonnull=yes
ac_cv_func_malloc_0_nonnull=yes
ac_cv_func_memcmp_working=yes
ac_cv_func_mmap_fixed_mapped=yes
ac_cv_func_realloc_0_nonnull=yes
ac_cv_have_decl_malloc=yes
ac_cv_header_dlfcn_h=yes
ac_cv_header_inttypes_h=yes
ac_cv_header_memory_h=yes
ac_cv_header_stdbool_h=yes
ac_cv_header_stdc=yes
ac_cv_header_stdint_h=yes
ac_cv_header_stdlib_h=yes
ac_cv_header_string_h=yes
ac_cv_header_strings_h=yes
ac_cv_header_sys_stat_h=yes
ac_cv_header_sys_types_h=yes
ac_cv_header_unistd_h=yes
ac_cv_host=arm-buildroot-linux-gnueabihf
ac_cv_lbl_unaligned_fail=yes
ac_cv_objext=o
ac_cv_path_EGREP='/bin/grep -E'
ac_cv_path_FGREP='/bin/grep -F'
ac_cv_path_GREP=/bin/grep
ac_cv_path_SED=/bin/sed
ac_cv_path_install='/usr/bin/install -c'
ac_cv_path_lt_DD=/bin/dd
ac_cv_path_mkdir=/bin/mkdir
ac_cv_prog_AR=/media/disk/projects/metrological/buildroot-synaptics/output/host/usr/bin/arm-buildroot-linux-gnueabihf-ar
ac_cv_prog_AWK=gawk
ac_cv_prog_CC=/media/disk/projects/metrological/buildroot-synaptics/output/host/usr/bin/arm-buildroot-linux-gnueabihf-gcc
ac_cv_prog_CPP=/media/disk/projects/metrological/buildroot-synaptics/output/host/usr/bin/arm-buildroot-linux-gnueabihf-cpp
ac_cv_prog_CXXCPP='/media/disk/projects/metrological/buildroot-synaptics/output/host/usr/bin/arm-buildroot-linux-gnueabihf-g++ -E'
ac_cv_prog_OBJDUMP=/media/disk/projects/metrological/buildroot-synaptics/output/host/usr/bin/arm-buildroot-linux-gnueabihf-objdump
ac_cv_prog_RANLIB=/media/disk/projects/metrological/buildroot-synaptics/output/host/usr/bin/arm-buildroot-linux-gnueabihf-ranlib
ac_cv_prog_STRIP=/media/disk/projects/metrological/buildroot-synaptics/output/host/usr/bin/arm-buildroot-linux-gnueabihf-strip
ac_cv_prog_ac_ct_MANIFEST_TOOL=mt
ac_cv_prog_cc_c89=
ac_cv_prog_cc_g=yes
ac_cv_prog_cxx_g=yes
ac_cv_prog_make_make_set=yes
ac_cv_type__Bool=yes
ac_cv_type_size_t=yes
am_cv_CC_dependencies_compiler_type=none
am_cv_CXX_dependencies_compiler_type=none
am_cv_make_support_nested_variables=yes
am_cv_prog_cc_c_o=yes
gl_cv_func_malloc_0_nonnull=yes
lt_cv_ar_at_file=@
lt_cv_archive_cmds_need_lc=no
lt_cv_deplibs_check_method=pass_all
lt_cv_file_magic_cmd='$MAGIC_CMD'
lt_cv_file_magic_test_file=
lt_cv_ld_reload_flag=-r
lt_cv_nm_interface='BSD nm'
lt_cv_objdir=.libs
lt_cv_path_LD=/media/disk/projects/metrological/buildroot-synaptics/output/host/usr/bin/arm-buildroot-linux-gnueabihf-ld
lt_cv_path_LDCXX=/media/disk/projects/metrological/buildroot-synaptics/output/host/usr/bin/arm-buildroot-linux-gnueabihf-ld
lt_cv_path_NM=/media/disk/projects/metrological/buildroot-synaptics/output/host/usr/bin/arm-buildroot-linux-gnueabihf-nm
lt_cv_path_mainfest_tool=no
lt_cv_prog_compiler_c_o=yes
lt_cv_prog_compiler_c_o_CXX=yes
lt_cv_prog_compiler_pic='-fPIC -DPIC'
lt_cv_prog_compiler_pic_CXX='-fPIC -DPIC'
lt_cv_prog_compiler_pic_works=yes
lt_cv_prog_compiler_pic_works_CXX=yes
lt_cv_prog_compiler_rtti_exceptions=no
lt_cv_prog_compiler_static_works=yes
lt_cv_prog_compiler_static_works_CXX=yes
lt_cv_prog_gnu_ld=yes
lt_cv_prog_gnu_ldcxx=yes
lt_cv_sharedlib_from_linklib_cmd='printf %s\n'
lt_cv_shlibpath_overrides_runpath=no
lt_cv_sys_global_symbol_pipe='sed -n -e '\''s/^.*[	 ]\([ABCDGIRSTW][ABCDGIRSTW]*\)[	 ][	 ]*\([_A-Za-z][_A-Za-z0-9]*\)$/\1 \2 \2/p'\'' | sed '\''/ __gnu_lto/d'\'''
lt_cv_sys_global_symbol_to_c_name_address='sed -n -e '\''s/^: \(.*\) .*$/  {"\1", (void *) 0},/p'\'' -e '\''s/^[ABCDGIRSTW][ABCDGIRSTW]* .* \(.*\)$/  {"\1", (void *) \&\1},/p'\'''
lt_cv_sys_global_symbol_to_c_name_address_lib_prefix='sed -n -e '\''s/^: \(.*\) .*$/  {"\1", (void *) 0},/p'\'' -e '\''s/^[ABCDGIRSTW][ABCDGIRSTW]* .* \(lib.*\)$/  {"\1", (void *) \&\1},/p'\'' -e '\''s/^[ABCDGIRSTW][ABCDGIRSTW]* .* \(.*\)$/  {"lib\1", (void *) \&\1},/p'\'''
lt_cv_sys_global_symbol_to_cdecl='sed -n -e '\''s/^T .* \(.*\)$/extern int \1();/p'\'' -e '\''s/^[ABCDGIRSTW][ABCDGIRSTW]* .* \(.*\)$/extern char \1;/p'\'''
lt_cv_sys_global_symbol_to_import=
lt_cv_sys_lib_search_path_spec=
lt_cv_sys_max_cmd_len=1572864
lt_cv_to_host_file_cmd=func_convert_file_noop
lt_cv_to_tool_file_cmd=func_convert_file_noop
lt_cv_truncate_bin='/bin/dd bs=4096 count=1'
pkg_cv_GLIB_CFLAGS='-I"/media/disk/projects/metrological/buildroot-synaptics/output/host/usr/arm-buildroot-linux-gnueabihf/sysroot"/usr/include/glib-2.0 -I"/media/disk/projects/metrological/buildroot-synaptics/output/host/usr/arm-buildroot-linux-gnueabihf/sysroot"/usr/lib/glib-2.0/include -I"/media/disk/projects/metrological/buildroot-synaptics/output/host/usr/arm-buildroot-linux-gnueabihf/sysroot"/usr/include  '
pkg_cv_GLIB_LIBS='-L"/media/disk/projects/metrological/buildroot-synaptics/output/host/usr/arm-buildroot-linux-gnueabihf/sysroot"/usr/lib -lglib-2.0  '
pkg_cv_GTHREAD_CFLAGS='-pthread -I"/media/disk/projects/metrological/buildroot-synaptics/output/host/usr/arm-buildroot-linux-gnueabihf/sysroot"/usr/include/glib-2.0 -I"/media/disk/projects/metrological/buildroot-synaptics/output/host/usr/arm-buildroot-linux-gnueabihf/sysroot"/usr/lib/glib-2.0/include -I"/media/disk/projects/metrological/buildroot-synaptics/output/host/usr/arm-buildroot-linux-gnueabihf/sysroot"/usr/include  '
pkg_cv_GTHREAD_LIBS='-L"/media/disk/projects/metrological/buildroot-synaptics/output/host/usr/arm-buildroot-linux-gnueabihf/sysroot"/usr/lib -lgthread-2.0 -pthread -lglib-2.0  '
pkg_cv_WAYLAND_CLIENT_CFLAGS='-I"/media/disk/projects/metrological/buildroot-synaptics/output/host/usr/arm-buildroot-linux-gnueabihf/sysroot"/usr/include  '
pkg_cv_WAYLAND_CLIENT_LIBS='-L"/media/disk/projects/metrological/buildroot-synaptics/output/host/usr/arm-buildroot-linux-gnueabihf/sysroot"/usr/lib -lwayland-client  '
pkg_cv_WAYLAND_SERVER_CFLAGS='-I"/media/disk/projects/metrological/buildroot-synaptics/output/host/usr/arm-buildroot-linux-gnueabihf/sysroot"/usr/include  '
pkg_cv_WAYLAND_SERVER_LIBS='-L"/media/disk/projects/metrological/buildroot-synaptics/output/host/usr/arm-buildroot-linux-gnueabihf/sysroot"/usr/lib -lwayland-server  '

## ----------------- ##
## Output variables. ##
## ----------------- ##

ACLOCAL='${SHELL} /media/disk/projects/metrological/buildroot-synaptics/output/build/westeros-soc-9633867603dcfb2a5c71af71e7e1abd12f0c2ca3/syna/cfg/missing aclocal-1.15'
AMDEPBACKSLASH=''
AMDEP_FALSE=''
AMDEP_TRUE='#'
AMTAR='$${TAR-tar}'
AM_BACKSLASH='\'
AM_DEFAULT_V='$(AM_DEFAULT_VERBOSITY)'
AM_DEFAULT_VERBOSITY='1'
AM_V='$(V)'
AR='/media/disk/projects/metrological/buildroot-synaptics/output/host/usr/bin/arm-buildroot-linux-gnueabihf-ar'
AUTOCONF='${SHELL} /media/disk/projects/metrological/buildroot-synaptics/output/build/westeros-soc-9633867603dcfb2a5c71af71e7e1abd12f0c2ca3/syna/cfg/missing autoconf'
AUTOHEADER='${SHELL} /media/disk/projects/metrological/buildroot-synaptics/output/build/westeros-soc-9633867603dcfb2a5c71af71e7e1abd12f0c2ca3/syna/cfg/missing autoheader'
AUTOMAKE='${SHELL} /media/disk/projects/metrological/buildroot-synaptics/output/build/westeros-soc-9633867603dcfb2a5c71af71e7e1abd12f0c2ca3/syna/cfg/missing automake-1.15'
AWK='gawk'
CC='/media/disk/projects/metrological/buildroot-synaptics/output/host/usr/bin/arm-buildroot-linux-gnueabihf-gcc'
CCDEPMODE='depmode=none'
CFLAGS='-D_LARGEFILE_SOURCE -D_LARGEFILE64_SOURCE -D_FILE_OFFSET_BITS=64  -O2  -DLINUX -DEGL_API_FB'
CPP='/media/disk/projects/metrological/buildroot-synaptics/output/host/usr/bin/arm-buildroot-linux-gnueabihf-cpp'
CPPFLAGS='-D_LARGEFILE_SOURCE -D_LARGEFILE64_SOURCE -D_FILE_OFFSET_BITS=64'
CXX='/media/disk/projects/metrological/buildroot-synaptics/output/host/usr/bin/arm-buildroot-linux-gnueabihf-g++'
CXXCPP='/media/disk/projects/metrological/buildroot-synaptics/output/host/usr/bin/arm-buildroot-linux-gnueabihf-g++ -E'
CXXDEPMODE='depmode=none'
CXXFLAGS='-D_LARGEFILE_SOURCE -D_LARGEFILE64_SOURCE -D_FILE_OFFSET_BITS=64  -O2  -DLINUX -DEGL_API_FB'
CYGPATH_W='echo'
DEFS='-DHAVE_CONFIG_H'
DEPDIR='.deps'
DLLTOOL='false'
DSYMUTIL=''
DUMPBIN=''
ECHO_C=''
ECHO_N='-n'
ECHO_T=''
EGREP='/bin/grep -E'
EXEEXT=''
FGREP='/bin/grep -F'
GLIB_CFLAGS='-I"/media/disk/projects/metrological/buildroot-synaptics/output/host/usr/arm-buildroot-linux-gnueabihf/sysroot"/usr/include/glib-2.0 -I"/media/disk/projects/metrological/buildroot-synaptics/output/host/usr/arm-buildroot-linux-gnueabihf/sysroot"/usr/lib/glib-2.0/include -I"/media/disk/projects/metrological/buildroot-synaptics/output/host/usr/arm-buildroot-linux-gnueabihf/sysroot"/usr/include  '
GLIB_LIBS='-L"/media/disk/projects/metrological/buildroot-synaptics/output/host/usr/arm-buildroot-linux-gnueabihf/sysroot"/usr/lib -lglib-2.0  '
GREP='/bin/grep'
GTHREAD_CFLAGS='-pthread -I"/media/disk/projects/metrological/buildroot-synaptics/output/host/usr/arm-buildroot-linux-gnueabihf/sysroot"/usr/include/glib-2.0 -I"/media/disk/projects/metrological/buildroot-synaptics/output/host/usr/arm-buildroot-linux-gnueabihf/sysroot"/usr/lib/glib-2.0/include -I"/media/disk/projects/metrological/buildroot-synaptics/output/host/usr/arm-buildroot-linux-gnueabihf/sysroot"/usr/include  '
GTHREAD_LIBS='-L"/media/disk/projects/metrological/buildroot-synaptics/output/host/usr/arm-buildroot-linux-gnueabihf/sysroot"/usr/lib -lgthread-2.0 -pthread -lglib-2.0  '
GUPNP_VERSION=''
INSTALL_DATA='${INSTALL} -m 644'
INSTALL_PROGRAM='${INSTALL}'
INSTALL_SCRIPT='${INSTALL}'
INSTALL_STRIP_PROGRAM='$(install_sh) -c -s'
LD='/media/disk/projects/metrological/buildroot-synaptics/output/host/usr/bin/arm-buildroot-linux-gnueabihf-ld'
LDFLAGS=''
LIBOBJS=''
LIBS=''
LIBTOOL='$(SHELL) $(top_builddir)/libtool'
LIPO=''
LN_S='ln -s'
LTLIBOBJS=''
LT_SYS_LIBRARY_PATH=''
MAKEINFO='${SHELL} /media/disk/projects/metrological/buildroot-synaptics/output/build/westeros-soc-9633867603dcfb2a5c71af71e7e1abd12f0c2ca3/syna/cfg/missing makeinfo'
MANIFEST_TOOL=':'
MKDIR_P='/bin/mkdir -p'
NM='/media/disk/projects/metrological/buildroot-synaptics/output/host/usr/bin/arm-buildroot-linux-gnueabihf-nm'
NMEDIT=''
OBJDUMP='/media/disk/projects/metrological/buildroot-synaptics/output/host/usr/bin/arm-buildroot-linux-gnueabihf-objdump'
OBJEXT='o'
OTOOL64=''
OTOOL=''
PACKAGE='westeros-soc'
PACKAGE_BUGREPORT='pavan_nandyala2@cable.comcast.com'
PACKAGE_NAME='westeros-soc'
PACKAGE_STRING='westeros-soc version-1.0'
PACKAGE_TARNAME='westeros-soc'
PACKAGE_URL=''
PACKAGE_VERSION='version-1.0'
PATH_SEPARATOR=':'
PKG_CONFIG='/media/disk/projects/metrological/buildroot-synaptics/output/host/usr/bin/pkg-config'
PKG_CONFIG_LIBDIR=''
PKG_CONFIG_PATH=''
RANLIB='/media/disk/projects/metrological/buildroot-synaptics/output/host/usr/bin/arm-buildroot-linux-gnueabihf-ranlib'
SED='/bin/sed'
SET_MAKE=''
SHELL='/bin/bash'
STRIP='/media/disk/projects/metrological/buildroot-synaptics/output/host/usr/bin/arm-buildroot-linux-gnueabihf-strip'
VERSION='version-1.0'
WAYLANDLIB='-lwayland-client'
WAYLAND_CFLAGS=''
WAYLAND_CLIENT_CFLAGS='-I"/media/disk/projects/metrological/buildroot-synaptics/output/host/usr/arm-buildroot-linux-gnueabihf/sysroot"/usr/include  '
WAYLAND_CLIENT_LIBS='-L"/media/disk/projects/metrological/buildroot-synaptics/output/host/usr/arm-buildroot-linux-gnueabihf/sysroot"/usr/lib -lwayland-client  '
WAYLAND_SERVER_CFLAGS='-I"/media/disk/projects/metrological/buildroot-synaptics/output/host/usr/arm-buildroot-linux-gnueabihf/sysroot"/usr/include  '
WAYLAND_SERVER_LIBS='-L"/media/disk/projects/metrological/buildroot-synaptics/output/host/usr/arm-buildroot-linux-gnueabihf/sysroot"/usr/lib -lwayland-server  '
ac_ct_AR=''
ac_ct_CC=''
ac_ct_CXX=''
ac_ct_DUMPBIN=''
am__EXEEXT_FALSE=''
am__EXEEXT_TRUE='#'
am__fastdepCC_FALSE=''
am__fastdepCC_TRUE='#'
am__fastdepCXX_FALSE=''
am__fastdepCXX_TRUE='#'
am__include='include'
am__isrc=''
am__leading_dot='.'
am__nodep=''
am__quote=''
am__tar='$${TAR-tar} chof - "$$tardir"'
am__untar='$${TAR-tar} xf -'
bindir='${exec_prefix}/bin'
build='x86_64-pc-linux-gnu'
build_alias='x86_64-pc-linux-gnu'
build_cpu='x86_64'
build_os='linux-gnu'
build_vendor='pc'
datadir='${datarootdir}'
datarootdir='${prefix}/share'
docdir='${datarootdir}/doc/${PACKAGE_TARNAME}'
dvidir='${docdir}'
exec_prefix='/usr'
host='arm-buildroot-linux-gnueabihf'
host_alias='arm-buildroot-linux-gnueabihf'
host_cpu='arm'
host_os='linux-gnueabihf'
host_vendor='buildroot'
htmldir='${docdir}'
includedir='${prefix}/include'
infodir='${datarootdir}/info'
install_sh='${SHELL} /media/disk/projects/metrological/buildroot-synaptics/output/build/westeros-soc-9633867603dcfb2a5c71af71e7e1abd12f0c2ca3/syna/cfg/install-sh'
libdir='${exec_prefix}/lib'
libexecdir='${exec_prefix}/libexec'
localedir='${datarootdir}/locale'
localstatedir='/var'
mandir='${datarootdir}/man'
mkdir_p='$(MKDIR_P)'
oldincludedir='/usr/include'
pdfdir='${docdir}'
plugindir=''
prefix='/usr'
program_transform_name='s&^&&'
psdir='${docdir}'
sbindir='${exec_prefix}/sbin'
sharedstatedir='${prefix}/com'
sysconfdir='/etc'
target_alias='arm-buildroot-linux-gnueabihf'

## ----------- ##
## confdefs.h. ##
## ----------- ##

/* confdefs.h */
#define PACKAGE_NAME "westeros-soc"
#define PACKAGE_TARNAME "westeros-soc"
#define PACKAGE_VERSION "version-1.0"
#define PACKAGE_STRING "westeros-soc version-1.0"
#define PACKAGE_BUGREPORT "pavan_nandyala2@cable.comcast.com"
#define PACKAGE_URL ""
#define PACKAGE "westeros-soc"
#define VERSION "version-1.0"
#define STDC_HEADERS 1
#define HAVE_SYS_TYPES_H 1
#define HAVE_SYS_STAT_H 1
#define HAVE_STDLIB_H 1
#define HAVE_STRING_H 1
#define HAVE_MEMORY_H 1
#define HAVE_STRINGS_H 1
#define HAVE_INTTYPES_H 1
#define HAVE_STDINT_H 1
#define HAVE_UNISTD_H 1
#define HAVE_DLFCN_H 1
#define LT_OBJDIR ".libs/"
#define HAVE_STDLIB_H 1
#define HAVE_STRING_H 1
#define HAVE_UNISTD_H 1
#define HAVE__BOOL 1
#define HAVE_STDBOOL_H 1

configure: exit 0
